<?xml version="1.0" encoding="UTF-8"?>
<!-- Generated by org.testng.reporters.JUnitReportReporter -->
<testsuite hostname="ETech-PF3TXXMS" failures="0" tests="5" name="testCases.TC_003_LoginDDT" time="37.681" errors="0" timestamp="2024-04-25T11:16:52 IST" skipped="0">
  <testcase classname="testCases.TC_003_LoginDDT" name="verify_loginDDT" time="10.940"/>
  <testcase classname="testCases.TC_003_LoginDDT" name="verify_loginDDT" time="2.281"/>
  <testcase classname="testCases.TC_003_LoginDDT" name="verify_loginDDT" time="11.118"/>
  <testcase classname="testCases.TC_003_LoginDDT" name="verify_loginDDT" time="10.825"/>
  <testcase classname="testCases.TC_003_LoginDDT" name="verify_loginDDT" time="2.517"/>
</testsuite> <!-- testCases.TC_003_LoginDDT -->
