<?xml version="1.0" encoding="UTF-8"?>
<!-- Generated by org.testng.reporters.JUnitReportReporter -->
<testsuite hostname="ETech-PF3TXXMS" failures="0" tests="1" name="testCases.TC_006_EndToEndTest" time="29.902" errors="0" timestamp="2024-05-09T09:28:00 IST" skipped="0">
  <testcase classname="testCases.TC_006_EndToEndTest" name="endToendTest" time="29.902"/>
</testsuite> <!-- testCases.TC_006_EndToEndTest -->
