<?xml version="1.0" encoding="UTF-8"?>
<!-- Generated by org.testng.reporters.JUnitReportReporter -->
<testsuite hostname="ETech-PF3TXXMS" failures="0" tests="1" name="testCases.TC_004_SearchProductTest" time="1.909" errors="0" timestamp="2024-05-09T08:51:51 IST" skipped="0">
  <testcase classname="testCases.TC_004_SearchProductTest" name="verify_pruductSearch" time="1.909"/>
</testsuite> <!-- testCases.TC_004_SearchProductTest -->
