<?xml version="1.0" encoding="UTF-8"?>
<!-- Generated by org.testng.reporters.JUnitReportReporter -->
<testsuite hostname="ETech-PF3TXXMS" failures="0" tests="1" name="testCases.TC_005_AddToCartPageTest" time="5.209" errors="0" timestamp="2024-05-09T08:54:43 IST" skipped="0">
  <testcase classname="testCases.TC_005_AddToCartPageTest" name="verify_addToCart" time="5.209"/>
</testsuite> <!-- testCases.TC_005_AddToCartPageTest -->
