<?xml version="1.0" encoding="UTF-8"?>
<!-- Generated by org.testng.reporters.JUnitReportReporter -->
<testsuite hostname="ETech-PF3TXXMS" failures="0" tests="1" name="testCases.TC_001_AccountRegistrationTest" time="2.081" errors="0" timestamp="2024-05-02T10:33:38 IST" skipped="0">
  <testcase classname="testCases.TC_001_AccountRegistrationTest" name="verify_account_registration" time="2.081"/>
</testsuite> <!-- testCases.TC_001_AccountRegistrationTest -->
