<?xml version="1.0" encoding="UTF-8"?>
<!-- Generated by org.testng.reporters.JUnitReportReporter -->
<testsuite hostname="ETech-PF3TXXMS" failures="0" tests="1" name="testCases.TC_002_LoginTest" time="12.728" errors="0" timestamp="2024-05-02T10:33:38 IST" skipped="0">
  <testcase classname="testCases.TC_002_LoginTest" name="loginOpenCart" time="12.728"/>
</testsuite> <!-- testCases.TC_002_LoginTest -->
